#
# A fatal error has been detected by the Java Runtime Environment:
#
#  EXCEPTION_ACCESS_VIOLATION (0xc0000005) at pc=0x000000006aaf529b, pid=10660, tid=0x00000000000004d4
#
# JRE version: Java(TM) SE Runtime Environment (8.0_221-b11) (build 1.8.0_221-b11)
# Java VM: Java HotSpot(TM) 64-Bit Server VM (25.221-b11 mixed mode windows-amd64 compressed oops)
# Problematic frame:
# V  [jvm.dll+0x11529b]
#
# Failed to write core dump. Minidumps are not enabled by default on client versions of Windows
#
# If you would like to submit a bug report, please visit:
#   http://bugreport.java.com/bugreport/crash.jsp
#

---------------  T H R E A D  ---------------

Current thread (0x0000000002b9b000):  GCTaskThread [stack: 0x00000000128f0000,0x00000000129f0000] [id=1236]

siginfo: ExceptionCode=0xc0000005, reading address 0x0000000412ce1488

Registers:
RAX=0x0000000012af0000, RBX=0x0000000081e835c0, RCX=0x0000000000000003, RDX=0x0000000000000001
RSP=0x00000000129ef660, RBP=0x00000000b91e8278, RSI=0x0000000002c6c6c0, RDI=0x0000000002c6c6c0
R8 =0x0000000412ce1480, R9 =0x000000010002b3d0, R10=0x000000000000000c, R11=0x000000006afe7738
R12=0x00000000b91e828c, R13=0x000000010002b5f8, R14=0x000000010002b600, R15=0x00000000b91e8268
RIP=0x000000006aaf529b, EFLAGS=0x0000000000010202

Top of Stack: (sp=0x00000000129ef660)
0x00000000129ef660:   000000010002b3d0 00000000b91e8248
0x00000000129ef670:   0000000000000005 000000006abfe9d2
0x00000000129ef680:   0000000000000000 0000000002b9c8d0
0x00000000129ef690:   0000000002b9c850 0000000000000002
0x00000000129ef6a0:   00000000000159bb 000000006addb8c0
0x00000000129ef6b0:   0000000018042e18 0000000000000000
0x00000000129ef6c0:   0000000002c6c6c0 000000006b03afd8
0x00000000129ef6d0:   00000000b7fd80c0 000000006addf7f8
0x00000000129ef6e0:   000000006b205ce0 0000000000000006
0x00000000129ef6f0:   0000000000000000 000bf8670001e971
0x00000000129ef700:   00000000b7fd6b08 000000006aaf5336
0x00000000129ef710:   00000000b7fd80c0 0000000002b9c850
0x00000000129ef720:   0000000002b9c8e0 0000000002b9c8d0
0x00000000129ef730:   000000006b03afd8 0000000000000002
0x00000000129ef740:   0000000025074c80 0000000000000000
0x00000000129ef750:   0000000002c6c6c0 000000006add927f 

Instructions: (pc=0x000000006aaf529b)
0x000000006aaf527b:   70 00 84 d2 74 16 44 8b 43 08 8b 0d dd 45 69 00
0x000000006aaf528b:   49 d3 e0 4c 03 05 cb 45 69 00 eb 04 4c 8b 43 08
0x000000006aaf529b:   45 8b 48 08 45 85 c9 7e 0c 41 f6 c1 01 75 4b 41
0x000000006aaf52ab:   c1 f9 03 eb 57 79 43 84 d2 41 8b c9 b8 10 00 00 


Register to memory mapping:

RAX=0x0000000012af0000 is an unknown value
RBX=0x0000000081e835c0 is pointing into object: 0x0000000081e83590
org.jvnet.hk2.internal.SystemDescriptor 
 - klass: 'org/jvnet/hk2/internal/SystemDescriptor'
RCX=0x0000000000000003 is an unknown value
RDX=0x0000000000000001 is an unknown value
RSP=0x00000000129ef660 is an unknown value
RBP=0x00000000b91e8278 is pointing into object: 0x00000000b91e8268
java.util.LinkedHashMap$Entry 
 - klass: 'java/util/LinkedHashMap$Entry'
RSI=0x0000000002c6c6c0 is an unknown value
RDI=0x0000000002c6c6c0 is an unknown value
R8 =0x0000000412ce1480 is an unknown value
R9 =0x000000010002b3d0 is pointing into metadata
R10=0x000000000000000c is an unknown value
R11=0x000000006afe7738 is an unknown value
R12=0x00000000b91e828c is pointing into object: 0x00000000b91e8268
java.util.LinkedHashMap$Entry 
 - klass: 'java/util/LinkedHashMap$Entry'
R13=0x000000010002b5f8 is pointing into metadata
R14=0x000000010002b600 is pointing into metadata
R15=0x00000000b91e8268 is an oop
java.util.LinkedHashMap$Entry 
 - klass: 'java/util/LinkedHashMap$Entry'


Stack: [0x00000000128f0000,0x00000000129f0000],  sp=0x00000000129ef660,  free space=1021k
Native frames: (J=compiled Java code, j=interpreted, Vv=VM code, C=native code)
V  [jvm.dll+0x11529b]
V  [jvm.dll+0x3fb8c0]
V  [jvm.dll+0x3f927f]
V  [jvm.dll+0x3f677e]
V  [jvm.dll+0x29fb8a]
C  [msvcr100.dll+0x21d9f]
C  [msvcr100.dll+0x21e3b]
C  [KERNEL32.DLL+0x17974]
C  [ntdll.dll+0x6a271]


---------------  P R O C E S S  ---------------

Java Threads: ( => current thread )
  0x0000000024791800 JavaThread "pool-2302-thread-1" daemon [_thread_blocked, id=10372, stack(0x000000007f390000,0x000000007f490000)]
  0x0000000019532800 JavaThread "pool-2301-thread-1" daemon [_thread_blocked, id=13044, stack(0x000000007f290000,0x000000007f390000)]
  0x0000000019538000 JavaThread "pool-2300-thread-1" daemon [_thread_blocked, id=1440, stack(0x000000007f190000,0x000000007f290000)]
  0x0000000019537800 JavaThread "pool-2299-thread-1" daemon [_thread_blocked, id=4808, stack(0x000000007f090000,0x000000007f190000)]
  0x0000000019536800 JavaThread "pool-2298-thread-1" daemon [_thread_blocked, id=10080, stack(0x000000007ef90000,0x000000007f090000)]
  0x000000001ff3d000 JavaThread "pool-2297-thread-1" daemon [_thread_blocked, id=5872, stack(0x000000007ee90000,0x000000007ef90000)]
  0x000000001ff3b800 JavaThread "pool-2296-thread-1" daemon [_thread_blocked, id=3320, stack(0x000000007ed90000,0x000000007ee90000)]
  0x000000001ff32800 JavaThread "pool-2295-thread-1" daemon [_thread_blocked, id=13108, stack(0x000000007ec90000,0x000000007ed90000)]
  0x000000001ff39000 JavaThread "pool-2293-thread-1" daemon [_thread_blocked, id=9256, stack(0x000000007eb90000,0x000000007ec90000)]
  0x000000001a740800 JavaThread "pool-2294-thread-1" daemon [_thread_blocked, id=11808, stack(0x000000007ea90000,0x000000007eb90000)]
  0x000000001ff2a000 JavaThread "pool-2291-thread-1" daemon [_thread_blocked, id=12940, stack(0x000000007e990000,0x000000007ea90000)]
  0x0000000019536000 JavaThread "pool-2292-thread-1" daemon [_thread_blocked, id=11552, stack(0x000000007e890000,0x000000007e990000)]
  0x0000000019532000 JavaThread "pool-2290-thread-1" daemon [_thread_blocked, id=9268, stack(0x000000007e790000,0x000000007e890000)]
  0x0000000031a03000 JavaThread "Executor-Service-1687" daemon [_thread_blocked, id=9048, stack(0x000000007e490000,0x000000007e590000)]
  0x0000000031a02000 JavaThread "Executor-Service-1686" daemon [_thread_blocked, id=12224, stack(0x000000007e390000,0x000000007e490000)]
  0x0000000031a05000 JavaThread "Executor-Service-1685" daemon [_thread_blocked, id=13184, stack(0x000000007e290000,0x000000007e390000)]
  0x0000000031a01800 JavaThread "Executor-Service-1684" daemon [_thread_blocked, id=564, stack(0x000000007da60000,0x000000007db60000)]
  0x0000000031a04800 JavaThread "Executor-Service-1683" daemon [_thread_blocked, id=12644, stack(0x000000007d560000,0x000000007d660000)]
  0x00000000299e8000 JavaThread "Executor-Service-1682" daemon [_thread_blocked, id=4732, stack(0x000000007d460000,0x000000007d560000)]
  0x00000000299e8800 JavaThread "Executor-Service-1681" daemon [_thread_blocked, id=12968, stack(0x000000007d260000,0x000000007d360000)]
  0x000000001fe09800 JavaThread "Executor-Service-1680" daemon [_thread_blocked, id=2288, stack(0x000000007d160000,0x000000007d260000)]
  0x000000001fe0b000 JavaThread "Executor-Service-1679" daemon [_thread_blocked, id=11544, stack(0x000000007d060000,0x000000007d160000)]
  0x000000001fe0b800 JavaThread "Executor-Service-1678" daemon [_thread_blocked, id=11764, stack(0x000000007bc70000,0x000000007bd70000)]
  0x000000002d156000 JavaThread "Executor-Service-1677" daemon [_thread_blocked, id=13104, stack(0x000000007b970000,0x000000007ba70000)]
  0x000000002d155000 JavaThread "Executor-Service-1676" daemon [_thread_blocked, id=13036, stack(0x000000007b870000,0x000000007b970000)]
  0x000000002d153000 JavaThread "Executor-Service-1675" daemon [_thread_blocked, id=13180, stack(0x000000007b770000,0x000000007b870000)]
  0x000000002d151800 JavaThread "Executor-Service-1674" daemon [_thread_blocked, id=5920, stack(0x000000007b670000,0x000000007b770000)]
  0x000000002d157800 JavaThread "Executor-Service-1673" daemon [_thread_blocked, id=6564, stack(0x000000007ac90000,0x000000007ad90000)]
  0x000000002c912000 JavaThread "Executor-Service-1672" daemon [_thread_blocked, id=2996, stack(0x000000007ab90000,0x000000007ac90000)]
  0x000000002c911800 JavaThread "Executor-Service-1671" daemon [_thread_blocked, id=11884, stack(0x000000007aa90000,0x000000007ab90000)]
  0x000000002c917800 JavaThread "Executor-Service-1670" daemon [_thread_blocked, id=3756, stack(0x000000007a260000,0x000000007a360000)]
  0x000000002c916800 JavaThread "Executor-Service-1669" daemon [_thread_blocked, id=10224, stack(0x0000000079a90000,0x0000000079b90000)]
  0x000000002c916000 JavaThread "Executor-Service-1668" daemon [_thread_blocked, id=11252, stack(0x0000000078a90000,0x0000000078b90000)]
  0x000000002c913800 JavaThread "Executor-Service-1667" daemon [_thread_blocked, id=11200, stack(0x0000000077d90000,0x0000000077e90000)]
  0x000000002c913000 JavaThread "hz._hzInstance_2_development.async.thread-1" [_thread_blocked, id=11820, stack(0x0000000075f00000,0x0000000076000000)]
  0x000000002c915000 JavaThread "hz._hzInstance_2_development.async.thread-2" [_thread_blocked, id=1900, stack(0x0000000075940000,0x0000000075a40000)]
  0x000000001ff2b000 JavaThread "hz._hzInstance_2_development.async.thread-5" [_thread_blocked, id=4424, stack(0x0000000075640000,0x0000000075740000)]
  0x0000000019533800 JavaThread "hz._hzInstance_2_development.async.thread-4" [_thread_blocked, id=12760, stack(0x0000000073390000,0x0000000073490000)]
  0x000000002c74d800 JavaThread "hz._hzInstance_2_development.cached.thread-6" [_thread_blocked, id=8424, stack(0x0000000068f00000,0x0000000069000000)]
  0x000000002c74c000 JavaThread "hz._hzInstance_2_development.cached.thread-11" [_thread_blocked, id=11144, stack(0x0000000068c00000,0x0000000068d00000)]
  0x000000002c74b800 JavaThread "hz._hzInstance_2_development.cached.thread-5" [_thread_blocked, id=9872, stack(0x0000000058400000,0x0000000058500000)]
  0x000000001ff2f800 JavaThread "hz._hzInstance_2_development.cached.thread-1" [_thread_blocked, id=9824, stack(0x000000003e850000,0x000000003e950000)]
  0x0000000019535000 JavaThread "hz._hzInstance_2_development.cached.thread-10" [_thread_blocked, id=4596, stack(0x0000000039c80000,0x0000000039d80000)]
  0x000000002012e000 JavaThread "hz._hzInstance_2_development.cached.thread-7" [_thread_blocked, id=6304, stack(0x000000007d360000,0x000000007d460000)]
  0x0000000022f5e000 JavaThread "hz._hzInstance_2_development.cached.thread-12" [_thread_blocked, id=9236, stack(0x0000000067f00000,0x0000000068000000)]
  0x000000001afe1800 JavaThread "http-thread-pool::http-listener(3)" daemon [_thread_blocked, id=11772, stack(0x0000000076090000,0x0000000076190000)]
  0x000000002cd40000 JavaThread "Java2D Disposer" daemon [_thread_blocked, id=9464, stack(0x0000000070e90000,0x0000000070f90000)]
  0x000000001ff37800 JavaThread "__ejb-thread-pool16" daemon [_thread_blocked, id=11020, stack(0x0000000032840000,0x0000000032940000)]
  0x000000001ff3a800 JavaThread "__ejb-thread-pool15" daemon [_thread_blocked, id=10184, stack(0x000000007f690000,0x000000007f790000)]
  0x000000001ff33000 JavaThread "__ejb-thread-pool14" daemon [_thread_blocked, id=11284, stack(0x000000007f590000,0x000000007f690000)]
  0x000000001ff26800 JavaThread "__ejb-thread-pool13" daemon [_thread_blocked, id=7156, stack(0x000000007f490000,0x000000007f590000)]
  0x000000001ff31800 JavaThread "__ejb-thread-pool12" daemon [_thread_blocked, id=11780, stack(0x000000007dd90000,0x000000007de90000)]
  0x000000001ff29800 JavaThread "__ejb-thread-pool11" daemon [_thread_blocked, id=10124, stack(0x000000007dc90000,0x000000007dd90000)]
  0x000000001ff2d000 JavaThread "__ejb-thread-pool10" daemon [_thread_blocked, id=5896, stack(0x000000007db90000,0x000000007dc90000)]
  0x000000001ff34800 JavaThread "__ejb-thread-pool9" daemon [_thread_blocked, id=10504, stack(0x000000007bf90000,0x000000007c090000)]
  0x000000001ff34000 JavaThread "__ejb-thread-pool8" daemon [_thread_blocked, id=11004, stack(0x000000007be90000,0x000000007bf90000)]
  0x000000001ff3a000 JavaThread "__ejb-thread-pool7" daemon [_thread_blocked, id=7148, stack(0x000000007bd90000,0x000000007be90000)]
  0x000000001ff36000 JavaThread "__ejb-thread-pool6" daemon [_thread_blocked, id=10236, stack(0x000000007a590000,0x000000007a690000)]
  0x000000001ff2c800 JavaThread "__ejb-thread-pool5" daemon [_thread_blocked, id=10308, stack(0x000000007a490000,0x000000007a590000)]
  0x000000001ff20000 JavaThread "__ejb-thread-pool4" daemon [_thread_blocked, id=10652, stack(0x000000007a390000,0x000000007a490000)]
  0x000000001ff28000 JavaThread "__ejb-thread-pool3" daemon [_thread_blocked, id=11716, stack(0x0000000078d90000,0x0000000078e90000)]
  0x000000001ff2e800 JavaThread "__ejb-thread-pool2" daemon [_thread_blocked, id=7480, stack(0x0000000078c90000,0x0000000078d90000)]
  0x000000001ff2e000 JavaThread "__ejb-thread-pool1" daemon [_thread_blocked, id=712, stack(0x0000000078b90000,0x0000000078c90000)]
  0x0000000019aaa800 JavaThread "Thread-19" daemon [_thread_blocked, id=6088, stack(0x0000000042050000,0x0000000042150000)]
  0x0000000019ab0800 JavaThread "Thread-18" daemon [_thread_blocked, id=5868, stack(0x0000000041f50000,0x0000000042050000)]
  0x0000000019aa8800 JavaThread "Thread-17" daemon [_thread_blocked, id=12164, stack(0x0000000041e50000,0x0000000041f50000)]
  0x0000000020125000 JavaThread "Thread-16" daemon [_thread_blocked, id=596, stack(0x000000003e750000,0x000000003e850000)]
  0x000000001afde000 JavaThread "Thread-15" daemon [_thread_blocked, id=8492, stack(0x000000003e650000,0x000000003e750000)]
  0x000000001a62b000 JavaThread "Thread-14" daemon [_thread_blocked, id=10644, stack(0x000000003e550000,0x000000003e650000)]
  0x000000001afdd000 JavaThread "DestroyJavaVM" [_thread_blocked, id=9748, stack(0x00000000029f0000,0x0000000002af0000)]
  0x0000000021bf5000 JavaThread "hz._hzInstance_2_development.HealthMonitor" daemon [_thread_blocked, id=10068, stack(0x00000000385b0000,0x00000000386b0000)]
  0x00000000177bd000 JavaThread "hz._hzInstance_2_development.MulticastThread" [_thread_blocked, id=5252, stack(0x00000000382b0000,0x00000000383b0000)]
  0x0000000019ab7800 JavaThread "hz._hzInstance_2_development.IO.thread-Acceptor" [_thread_in_native, id=10588, stack(0x00000000381b0000,0x00000000382b0000)]
  0x0000000019ab6000 JavaThread "hz._hzInstance_2_development.IO.BalancerThread" [_thread_blocked, id=6556, stack(0x00000000380b0000,0x00000000381b0000)]
  0x0000000019ab5000 JavaThread "hz._hzInstance_2_development.IO.thread-out-2" [_thread_in_native, id=5780, stack(0x0000000037fb0000,0x00000000380b0000)]
  0x0000000019ab6800 JavaThread "hz._hzInstance_2_development.IO.thread-out-1" [_thread_in_native, id=2700, stack(0x0000000037db0000,0x0000000037eb0000)]
  0x000000001a2e1000 JavaThread "hz._hzInstance_2_development.IO.thread-out-0" [_thread_in_native, id=11180, stack(0x0000000037cb0000,0x0000000037db0000)]
  0x000000001a2e0800 JavaThread "hz._hzInstance_2_development.IO.thread-in-2" [_thread_in_native, id=10052, stack(0x0000000037bb0000,0x0000000037cb0000)]
  0x000000001a2e7000 JavaThread "hz._hzInstance_2_development.IO.thread-in-1" [_thread_in_native, id=7332, stack(0x0000000037ab0000,0x0000000037bb0000)]
  0x000000001a2e6800 JavaThread "hz._hzInstance_2_development.IO.thread-in-0" [_thread_blocked, id=9876, stack(0x00000000379b0000,0x0000000037ab0000)]
  0x000000001a2e4000 JavaThread "hz._hzInstance_2_development.SlowOperationDetectorThread" [_thread_blocked, id=7548, stack(0x00000000377b0000,0x00000000378b0000)]
  0x0000000025f9b800 JavaThread "hz._hzInstance_2_development.response-1" [_thread_blocked, id=9072, stack(0x00000000376b0000,0x00000000377b0000)]
  0x0000000025f9a000 JavaThread "hz._hzInstance_2_development.response-0" [_thread_blocked, id=3292, stack(0x00000000375b0000,0x00000000376b0000)]
  0x0000000025f99800 JavaThread "hz._hzInstance_2_development.generic-operation.thread-1" [_thread_blocked, id=11152, stack(0x00000000374b0000,0x00000000375b0000)]
  0x0000000025f98800 JavaThread "hz._hzInstance_2_development.generic-operation.thread-0" [_thread_blocked, id=10976, stack(0x00000000373b0000,0x00000000374b0000)]
  0x0000000025f97000 JavaThread "hz._hzInstance_2_development.priority-generic-operation.thread-0" [_thread_blocked, id=8236, stack(0x00000000372b0000,0x00000000373b0000)]
  0x0000000025f98000 JavaThread "hz._hzInstance_2_development.partition-operation.thread-3" [_thread_blocked, id=10432, stack(0x00000000371b0000,0x00000000372b0000)]
  0x0000000025f9b000 JavaThread "hz._hzInstance_2_development.partition-operation.thread-2" [_thread_blocked, id=8996, stack(0x00000000370b0000,0x00000000371b0000)]
  0x0000000025f96800 JavaThread "hz._hzInstance_2_development.partition-operation.thread-1" [_thread_blocked, id=7004, stack(0x0000000036fb0000,0x00000000370b0000)]
  0x0000000025f8f000 JavaThread "hz._hzInstance_2_development.partition-operation.thread-0" [_thread_blocked, id=10520, stack(0x0000000036eb0000,0x0000000036fb0000)]
  0x0000000025f95800 JavaThread "hz._hzInstance_2_development.InvocationMonitorThread" [_thread_blocked, id=6464, stack(0x0000000036db0000,0x0000000036eb0000)]
  0x0000000025f95000 JavaThread "hz._hzInstance_2_development.migration" [_thread_blocked, id=10492, stack(0x0000000036bb0000,0x0000000036cb0000)]
  0x0000000025f94000 JavaThread "hz._hzInstance_2_development.operation-parker" [_thread_blocked, id=10908, stack(0x0000000036ab0000,0x0000000036bb0000)]
  0x0000000025f8d800 JavaThread "hz._hzInstance_2_development.event-10" [_thread_blocked, id=7876, stack(0x00000000369b0000,0x0000000036ab0000)]
  0x0000000025f90800 JavaThread "hz._hzInstance_2_development.event-9" [_thread_blocked, id=5248, stack(0x00000000368b0000,0x00000000369b0000)]
  0x0000000025f8c800 JavaThread "hz._hzInstance_2_development.event-8" [_thread_blocked, id=10804, stack(0x00000000367b0000,0x00000000368b0000)]
  0x0000000025f8f800 JavaThread "hz._hzInstance_2_development.event-7" [_thread_blocked, id=10536, stack(0x00000000366b0000,0x00000000367b0000)]
  0x0000000025f93800 JavaThread "hz._hzInstance_2_development.event-6" [_thread_blocked, id=4664, stack(0x00000000365b0000,0x00000000366b0000)]
  0x0000000025f91000 JavaThread "hz._hzInstance_2_development.scheduled.thread-" [_thread_blocked, id=5524, stack(0x00000000364b0000,0x00000000365b0000)]
  0x0000000025f92000 JavaThread "Thread-13" daemon [_thread_blocked, id=10144, stack(0x00000000363b0000,0x00000000364b0000)]
  0x0000000021bf7800 JavaThread "Thread-12" daemon [_thread_blocked, id=11040, stack(0x00000000362b0000,0x00000000363b0000)]
  0x0000000021bf3000 JavaThread "Thread-11" daemon [_thread_blocked, id=6408, stack(0x00000000361b0000,0x00000000362b0000)]
  0x0000000019ab3000 JavaThread "Thread-10" daemon [_thread_blocked, id=11204, stack(0x00000000360b0000,0x00000000361b0000)]
  0x00000000295f7800 JavaThread "GlassFish Kernel Main Thread" [_thread_blocked, id=4144, stack(0x0000000032de0000,0x0000000032ee0000)]
  0x00000000295fb000 JavaThread "payara-executor-service-scheduled-task" [_thread_blocked, id=9100, stack(0x0000000032be0000,0x0000000032ce0000)]
  0x00000000295f9800 JavaThread "payara-executor-service-scheduled-task" [_thread_blocked, id=3124, stack(0x0000000032ae0000,0x0000000032be0000)]
  0x00000000295f6800 JavaThread "payara-executor-service-scheduled-task" [_thread_blocked, id=3352, stack(0x00000000329e0000,0x0000000032ae0000)]
  0x000000001a2ec800 JavaThread "connector-timer-proxy" daemon [_thread_blocked, id=3400, stack(0x0000000030320000,0x0000000030420000)]
  0x000000001a2eb800 JavaThread "Timer-1" daemon [_thread_blocked, id=10076, stack(0x000000002fff0000,0x00000000300f0000)]
  0x000000001a2ea000 JavaThread "oracle.jdbc.driver.BlockSource.ThreadedCachingBlockSource.BlockReleaser" daemon [_thread_blocked, id=5516, stack(0x000000002fcf0000,0x000000002fdf0000)]
  0x0000000019aab800 JavaThread "ContainerBackgroundProcessor[StandardEngine[glassfish-web]]" daemon [_thread_blocked, id=6928, stack(0x0000000024070000,0x0000000024170000)]
  0x0000000019aad000 JavaThread "ContainerBackgroundProcessor[StandardEngine[glassfish-web].StandardHost[server].StandardContext[]]" daemon [_thread_blocked, id=2940, stack(0x0000000023b70000,0x0000000023c70000)]
  0x0000000019aa9000 JavaThread "EJB Container Timer" daemon [_thread_blocked, id=7296, stack(0x0000000023870000,0x0000000023970000)]
  0x0000000019aaf000 JavaThread "payara-executor-service-task" daemon [_thread_blocked, id=10916, stack(0x0000000020fd0000,0x00000000210d0000)]
  0x00000000177bf800 JavaThread "http-listener-kernel(1) SelectorRunner" daemon [_thread_in_native, id=8896, stack(0x0000000020ed0000,0x0000000020fd0000)]
  0x00000000177bb000 JavaThread "http-listener-expirer(1)" daemon [_thread_blocked, id=9412, stack(0x0000000020dd0000,0x0000000020ed0000)]
  0x00000000177be800 JavaThread "http-thread-pool::http-listener(2)" daemon [_thread_blocked, id=2260, stack(0x0000000020cd0000,0x0000000020dd0000)]
  0x00000000177bc800 JavaThread "http-thread-pool::http-listener(1)" daemon [_thread_blocked, id=6696, stack(0x0000000020bd0000,0x0000000020cd0000)]
  0x00000000177bb800 JavaThread "payara-executor-service-task" daemon [_thread_blocked, id=5744, stack(0x0000000020ad0000,0x0000000020bd0000)]
  0x00000000177be000 JavaThread "payara-executor-service-task" daemon [_thread_blocked, id=7776, stack(0x000000001f230000,0x000000001f330000)]
  0x000000001c24a000 JavaThread "pool-4-thread-1" daemon [_thread_blocked, id=6224, stack(0x000000001e930000,0x000000001ea30000)]
  0x0000000019ad1000 JavaThread "pool-5-thread-1" daemon [_thread_blocked, id=7832, stack(0x000000001e730000,0x000000001e830000)]
  0x0000000019ad0000 JavaThread "pool-3-thread-1" daemon [_thread_blocked, id=7536, stack(0x000000001e630000,0x000000001e730000)]
  0x000000001c55f000 JavaThread "pool-2-thread-1" daemon [_thread_blocked, id=8836, stack(0x000000001e530000,0x000000001e630000)]
  0x000000001abee000 JavaThread "pool-1-thread-1" daemon [_thread_blocked, id=9304, stack(0x000000001e430000,0x000000001e530000)]
  0x0000000019d66800 JavaThread "Timer-0" daemon [_thread_blocked, id=3340, stack(0x000000001b380000,0x000000001b480000)]
  0x0000000019270800 JavaThread "Service Thread" daemon [_thread_blocked, id=3960, stack(0x0000000019840000,0x0000000019940000)]
  0x000000001926a000 JavaThread "C1 CompilerThread2" daemon [_thread_blocked, id=6380, stack(0x0000000019740000,0x0000000019840000)]
  0x0000000019269000 JavaThread "C2 CompilerThread1" daemon [_thread_blocked, id=8132, stack(0x0000000019640000,0x0000000019740000)]
  0x00000000177ce800 JavaThread "C2 CompilerThread0" daemon [_thread_blocked, id=9672, stack(0x0000000019140000,0x0000000019240000)]
  0x00000000177b9800 JavaThread "JDWP Command Reader" daemon [_thread_in_native, id=8124, stack(0x0000000019040000,0x0000000019140000)]
  0x00000000177b6800 JavaThread "JDWP Event Helper Thread" daemon [_thread_blocked, id=9348, stack(0x0000000018f40000,0x0000000019040000)]
  0x00000000177a4000 JavaThread "JDWP Transport Listener: dt_socket" daemon [_thread_blocked, id=10532, stack(0x0000000018e40000,0x0000000018f40000)]
  0x000000001779b800 JavaThread "Attach Listener" daemon [_thread_blocked, id=1908, stack(0x0000000018d40000,0x0000000018e40000)]
  0x00000000177aa000 JavaThread "Signal Dispatcher" daemon [_thread_blocked, id=10204, stack(0x0000000018c40000,0x0000000018d40000)]
  0x0000000002c7b000 JavaThread "Finalizer" daemon [_thread_blocked, id=11164, stack(0x0000000018a20000,0x0000000018b20000)]
  0x0000000002c72000 JavaThread "Reference Handler" daemon [_thread_blocked, id=1096, stack(0x0000000018920000,0x0000000018a20000)]

Other Threads:
  0x0000000017768000 VMThread [stack: 0x0000000018820000,0x0000000018920000] [id=7972]
  0x0000000019278800 WatcherThread [stack: 0x0000000019940000,0x0000000019a40000] [id=4360]

=>0x0000000002b9b000 (exited) GCTaskThread [stack: 0x00000000128f0000,0x00000000129f0000] [id=1236]

VM state:at safepoint (normal execution)

VM Mutex/Monitor currently owned by a thread:  ([mutex/lock_event])
[0x0000000002b7ebd0] Threads_lock - owner thread: 0x0000000017768000
[0x0000000002b7e5d0] Heap_lock - owner thread: 0x00000000295f9800

heap address: 0x0000000081e00000, size: 2018 MB, Compressed Oops mode: 32-bit
Narrow klass base: 0x0000000000000000, Narrow klass shift: 3
Compressed class space size: 1073741824 Address: 0x0000000100000000

Heap:
 PSYoungGen      total 577536K, used 56845K [0x00000000d5f80000, 0x00000000ffa80000, 0x0000000100000000)
  eden space 473600K, 0% used [0x00000000d5f80000,0x00000000d5f80000,0x00000000f2e00000)
  from space 103936K, 54% used [0x00000000f2e00000,0x00000000f6583710,0x00000000f9380000)
  to   space 102912K, 0% used [0x00000000f9600000,0x00000000f9600000,0x00000000ffa80000)
 ParOldGen       total 1330176K, used 1073583K [0x0000000081e00000, 0x00000000d3100000, 0x00000000d5f80000)
  object space 1330176K, 80% used [0x0000000081e00000,0x00000000c366bd88,0x00000000d3100000)
 Metaspace       used 1390124K, capacity 1404728K, committed 1404928K, reserved 2254848K
  class space    used 195728K, capacity 198831K, committed 198912K, reserved 1048576K

Card table byte_map: [0x0000000012040000,0x0000000012440000] byte_map_base: 0x0000000011c31000

Marking Bits: (ParMarkBitMap*) 0x000000006b205ce0
 Begin Bits: [0x0000000012af0000, 0x0000000014a78000)
 End Bits:   [0x0000000014a78000, 0x0000000016a00000)

Polling page: 0x00000000007e0000

CodeCache: size=245760Kb used=190398Kb max_used=190418Kb free=55361Kb
 bounds [0x0000000002c80000, 0x000000000e7d0000, 0x0000000011c80000]
 total_blobs=50849 nmethods=50063 adapters=702
 compilation: enabled

Compilation events (10 events):
Event: 65030.671 Thread 0x00000000177ce800 67072   !   4       java.util.concurrent.ThreadPoolExecutor::tryTerminate (161 bytes)
Event: 65030.696 Thread 0x00000000177ce800 nmethod 67072 0x000000000e791890 code [0x000000000e791a60, 0x000000000e7922d0]
Event: 65136.277 Thread 0x0000000019269000 67073       4       org.hibernate.validator.internal.util.logging.Log_$logger::getUnableToLoadClassException (60 bytes)
Event: 65136.302 Thread 0x0000000019269000 nmethod 67073 0x000000000e78aed0 code [0x000000000e78b0e0, 0x000000000e78c670]
Event: 65136.380 Thread 0x000000001926a000 67074       1       org.glassfish.weld.services.SecurityServicesImpl::cleanup (1 bytes)
Event: 65136.381 Thread 0x000000001926a000 nmethod 67074 0x0000000004ffdf10 code [0x0000000004ffe060, 0x0000000004ffe170]
Event: 65136.386 Thread 0x00000000177ce800 67075       4       com.sun.enterprise.deployment.Application::getModuleID (17 bytes)
Event: 65136.388 Thread 0x00000000177ce800 nmethod 67075 0x0000000003512210 code [0x0000000003512340, 0x00000000035123b8]
Event: 65136.413 Thread 0x0000000019269000 67076       4       org.jvnet.hk2.config.Dom::attribute (44 bytes)
Event: 65136.429 Thread 0x0000000019269000 nmethod 67076 0x000000000e7c9810 code [0x000000000e7c99c0, 0x000000000e7ca010]

GC Heap History (10 events):
Event: 64321.363 GC heap after
Heap after GC invocations=710 (full 77):
 PSYoungGen      total 572416K, used 46635K [0x00000000d5f80000, 0x00000000ffe80000, 0x0000000100000000)
  eden space 466432K, 0% used [0x00000000d5f80000,0x00000000d5f80000,0x00000000f2700000)
  from space 105984K, 44% used [0x00000000f2700000,0x00000000f548af68,0x00000000f8e80000)
  to   space 106496K, 0% used [0x00000000f9680000,0x00000000f9680000,0x00000000ffe80000)
 ParOldGen       total 1330176K, used 1073503K [0x0000000081e00000, 0x00000000d3100000, 0x00000000d5f80000)
  object space 1330176K, 80% used [0x0000000081e00000,0x00000000c3657d60,0x00000000d3100000)
 Metaspace       used 1377040K, capacity 1391360K, committed 1391872K, reserved 2244608K
  class space    used 193727K, capacity 196772K, committed 196864K, reserved 1048576K
}
Event: 64327.560 GC heap before
{Heap before GC invocations=711 (full 77):
 PSYoungGen      total 572416K, used 513067K [0x00000000d5f80000, 0x00000000ffe80000, 0x0000000100000000)
  eden space 466432K, 100% used [0x00000000d5f80000,0x00000000f2700000,0x00000000f2700000)
  from space 105984K, 44% used [0x00000000f2700000,0x00000000f548af68,0x00000000f8e80000)
  to   space 106496K, 0% used [0x00000000f9680000,0x00000000f9680000,0x00000000ffe80000)
 ParOldGen       total 1330176K, used 1073503K [0x0000000081e00000, 0x00000000d3100000, 0x00000000d5f80000)
  object space 1330176K, 80% used [0x0000000081e00000,0x00000000c3657d60,0x00000000d3100000)
 Metaspace       used 1380686K, capacity 1395088K, committed 1395456K, reserved 2246656K
  class space    used 194263K, capacity 197323K, committed 197376K, reserved 1048576K
Event: 64327.612 GC heap after
Heap after GC invocations=711 (full 77):
 PSYoungGen      total 569344K, used 67013K [0x00000000d5f80000, 0x00000000ff500000, 0x0000000100000000)
  eden space 472576K, 0% used [0x00000000d5f80000,0x00000000d5f80000,0x00000000f2d00000)
  from space 96768K, 69% used [0x00000000f9680000,0x00000000fd7f14c8,0x00000000ff500000)
  to   space 102400K, 0% used [0x00000000f2d00000,0x00000000f2d00000,0x00000000f9100000)
 ParOldGen       total 1330176K, used 1073503K [0x0000000081e00000, 0x00000000d3100000, 0x00000000d5f80000)
  object space 1330176K, 80% used [0x0000000081e00000,0x00000000c3657d60,0x00000000d3100000)
 Metaspace       used 1380686K, capacity 1395088K, committed 1395456K, reserved 2246656K
  class space    used 194263K, capacity 197323K, committed 197376K, reserved 1048576K
}
Event: 64334.469 GC heap before
{Heap before GC invocations=712 (full 77):
 PSYoungGen      total 569344K, used 539589K [0x00000000d5f80000, 0x00000000ff500000, 0x0000000100000000)
  eden space 472576K, 100% used [0x00000000d5f80000,0x00000000f2d00000,0x00000000f2d00000)
  from space 96768K, 69% used [0x00000000f9680000,0x00000000fd7f14c8,0x00000000ff500000)
  to   space 102400K, 0% used [0x00000000f2d00000,0x00000000f2d00000,0x00000000f9100000)
 ParOldGen       total 1330176K, used 1073503K [0x0000000081e00000, 0x00000000d3100000, 0x00000000d5f80000)
  object space 1330176K, 80% used [0x0000000081e00000,0x00000000c3657d60,0x00000000d3100000)
 Metaspace       used 1381676K, capacity 1396156K, committed 1396608K, reserved 2248704K
  class space    used 194316K, capacity 197405K, committed 197504K, reserved 1048576K
Event: 64334.542 GC heap after
Heap after GC invocations=712 (full 77):
 PSYoungGen      total 574976K, used 67938K [0x00000000d5f80000, 0x00000000ff480000, 0x0000000100000000)
  eden space 472576K, 0% used [0x00000000d5f80000,0x00000000d5f80000,0x00000000f2d00000)
  from space 102400K, 66% used [0x00000000f2d00000,0x00000000f6f588c8,0x00000000f9100000)
  to   space 99328K, 0% used [0x00000000f9380000,0x00000000f9380000,0x00000000ff480000)
 ParOldGen       total 1330176K, used 1073503K [0x0000000081e00000, 0x00000000d3100000, 0x00000000d5f80000)
  object space 1330176K, 80% used [0x0000000081e00000,0x00000000c3657d60,0x00000000d3100000)
 Metaspace       used 1381676K, capacity 1396156K, committed 1396608K, reserved 2248704K
  class space    used 194316K, capacity 197405K, committed 197504K, reserved 1048576K
}
Event: 64346.284 GC heap before
{Heap before GC invocations=713 (full 77):
 PSYoungGen      total 574976K, used 540514K [0x00000000d5f80000, 0x00000000ff480000, 0x0000000100000000)
  eden space 472576K, 100% used [0x00000000d5f80000,0x00000000f2d00000,0x00000000f2d00000)
  from space 102400K, 66% used [0x00000000f2d00000,0x00000000f6f588c8,0x00000000f9100000)
  to   space 99328K, 0% used [0x00000000f9380000,0x00000000f9380000,0x00000000ff480000)
 ParOldGen       total 1330176K, used 1073503K [0x0000000081e00000, 0x00000000d3100000, 0x00000000d5f80000)
  object space 1330176K, 80% used [0x0000000081e00000,0x00000000c3657d60,0x00000000d3100000)
 Metaspace       used 1388610K, capacity 1403024K, committed 1403392K, reserved 2254848K
  class space    used 195555K, capacity 198625K, committed 198656K, reserved 1048576K
Event: 64346.352 GC heap after
Heap after GC invocations=713 (full 77):
 PSYoungGen      total 572928K, used 88598K [0x00000000d5f80000, 0x00000000ffc80000, 0x0000000100000000)
  eden space 473600K, 0% used [0x00000000d5f80000,0x00000000d5f80000,0x00000000f2e00000)
  from space 99328K, 89% used [0x00000000f9380000,0x00000000fea05908,0x00000000ff480000)
  to   space 103936K, 0% used [0x00000000f2e00000,0x00000000f2e00000,0x00000000f9380000)
 ParOldGen       total 1330176K, used 1073503K [0x0000000081e00000, 0x00000000d3100000, 0x00000000d5f80000)
  object space 1330176K, 80% used [0x0000000081e00000,0x00000000c3657d60,0x00000000d3100000)
 Metaspace       used 1388610K, capacity 1403024K, committed 1403392K, reserved 2254848K
  class space    used 195555K, capacity 198625K, committed 198656K, reserved 1048576K
}
Event: 65136.438 GC heap before
{Heap before GC invocations=714 (full 77):
 PSYoungGen      total 572928K, used 460722K [0x00000000d5f80000, 0x00000000ffc80000, 0x0000000100000000)
  eden space 473600K, 78% used [0x00000000d5f80000,0x00000000ecae7100,0x00000000f2e00000)
  from space 99328K, 89% used [0x00000000f9380000,0x00000000fea05908,0x00000000ff480000)
  to   space 103936K, 0% used [0x00000000f2e00000,0x00000000f2e00000,0x00000000f9380000)
 ParOldGen       total 1330176K, used 1073503K [0x0000000081e00000, 0x00000000d3100000, 0x00000000d5f80000)
  object space 1330176K, 80% used [0x0000000081e00000,0x00000000c3657d60,0x00000000d3100000)
 Metaspace       used 1390124K, capacity 1404728K, committed 1404928K, reserved 2254848K
  class space    used 195728K, capacity 198831K, committed 198912K, reserved 1048576K
Event: 65136.509 GC heap after
Heap after GC invocations=714 (full 77):
 PSYoungGen      total 577536K, used 56845K [0x00000000d5f80000, 0x00000000ffa80000, 0x0000000100000000)
  eden space 473600K, 0% used [0x00000000d5f80000,0x00000000d5f80000,0x00000000f2e00000)
  from space 103936K, 54% used [0x00000000f2e00000,0x00000000f6583710,0x00000000f9380000)
  to   space 102912K, 0% used [0x00000000f9600000,0x00000000f9600000,0x00000000ffa80000)
 ParOldGen       total 1330176K, used 1073583K [0x0000000081e00000, 0x00000000d3100000, 0x00000000d5f80000)
  object space 1330176K, 80% used [0x0000000081e00000,0x00000000c366bd88,0x00000000d3100000)
 Metaspace       used 1390124K, capacity 1404728K, committed 1404928K, reserved 2254848K
  class space    used 195728K, capacity 198831K, committed 198912K, reserved 1048576K
}
Event: 65136.509 GC heap before
{Heap before GC invocations=715 (full 78):
 PSYoungGen      total 577536K, used 56845K [0x00000000d5f80000, 0x00000000ffa80000, 0x0000000100000000)
  eden space 473600K, 0% used [0x00000000d5f80000,0x00000000d5f80000,0x00000000f2e00000)
  from space 103936K, 54% used [0x00000000f2e00000,0x00000000f6583710,0x00000000f9380000)
  to   space 102912K, 0% used [0x00000000f9600000,0x00000000f9600000,0x00000000ffa80000)
 ParOldGen       total 1330176K, used 1073583K [0x0000000081e00000, 0x00000000d3100000, 0x00000000d5f80000)
  object space 1330176K, 80% used [0x0000000081e00000,0x00000000c366bd88,0x00000000d3100000)
 Metaspace       used 1390124K, capacity 1404728K, committed 1404928K, reserved 2254848K
  class space    used 195728K, capacity 198831K, committed 198912K, reserved 1048576K

Deoptimization events (10 events):
Event: 64316.279 Thread 0x00000000177bc800 Uncommon trap: reason=bimorphic action=maybe_recompile pc=0x000000000da4c5ec method=java.nio.charset.CharsetEncoder.encode(Ljava/nio/CharBuffer;Ljava/nio/ByteBuffer;Z)Ljava/nio/charset/CoderResult; @ 57
Event: 64334.833 Thread 0x00000000295fb000 Uncommon trap: reason=null_check action=make_not_entrant pc=0x000000000e786408 method=com.github.adminfaces.starter.model.Marchfact._persistence_set(Ljava/lang/String;Ljava/lang/Object;)V @ 457
Event: 64334.843 Thread 0x00000000295fb000 Uncommon trap: reason=null_check action=make_not_entrant pc=0x000000000e787c00 method=com.github.adminfaces.starter.model.Marchfact._persistence_set(Ljava/lang/String;Ljava/lang/Object;)V @ 121
Event: 64345.371 Thread 0x00000000295fb000 Uncommon trap: reason=bimorphic action=maybe_recompile pc=0x000000000e77431c method=org.apache.xerces.impl.XMLEntityManager$RewindableInputStream.readAndBuffer()I @ 44
Event: 64345.371 Thread 0x00000000295fb000 Uncommon trap: reason=bimorphic action=maybe_recompile pc=0x000000000e77431c method=org.apache.xerces.impl.XMLEntityManager$RewindableInputStream.readAndBuffer()I @ 44
Event: 64345.371 Thread 0x00000000295fb000 Uncommon trap: reason=bimorphic action=maybe_recompile pc=0x000000000e77431c method=org.apache.xerces.impl.XMLEntityManager$RewindableInputStream.readAndBuffer()I @ 44
Event: 64345.371 Thread 0x00000000295fb000 Uncommon trap: reason=bimorphic action=maybe_recompile pc=0x000000000e77431c method=org.apache.xerces.impl.XMLEntityManager$RewindableInputStream.readAndBuffer()I @ 44
Event: 64351.123 Thread 0x00000000295fb000 Uncommon trap: reason=unstable_if action=reinterpret pc=0x0000000009dbcb28 method=org.apache.xerces.dom.ChildNode.getParentNode()Lorg/w3c/dom/Node; @ 4
Event: 64351.124 Thread 0x00000000295fb000 Uncommon trap: reason=unstable_if action=reinterpret pc=0x0000000006b70868 method=org.apache.xerces.dom.NodeImpl.needsSyncChildren()Z @ 6
Event: 64351.124 Thread 0x00000000295fb000 Uncommon trap: reason=unstable_if action=reinterpret pc=0x0000000003728b5c method=org.apache.xerces.dom.NodeImpl.needsSyncChildren()Z @ 6

Classes redefined (0 events):
No events

Internal exceptions (10 events):
Event: 65136.367 Thread 0x00000000295f9800 Exception <a 'java/io/FileNotFoundException'> (0x00000000ec65a620) thrown at [C:\re\workspace\8-2-build-windows-amd64-cygwin\jdk8u221\13320\hotspot\src\share\vm\prims\jni.cpp, line 710]
Event: 65136.368 Thread 0x00000000295f9800 Exception <a 'java/lang/ClassNotFoundException': com/sun/corba/ee/impl/presentation/rmi/DynamicAccessPermission> (0x00000000ec6688f8) thrown at [C:\re\workspace\8-2-build-windows-amd64-cygwin\jdk8u221\13320\hotspot\src\share\vm\classfile\systemDictionary.
Event: 65136.369 Thread 0x00000000295f9800 Exception <a 'java/lang/ClassNotFoundException': com/sun/enterprise/security/CORBAObjectPermission> (0x00000000ec669cc0) thrown at [C:\re\workspace\8-2-build-windows-amd64-cygwin\jdk8u221\13320\hotspot\src\share\vm\classfile\systemDictionary.cpp, line 210
Event: 65136.370 Thread 0x00000000295f9800 Exception <a 'java/io/FileNotFoundException'> (0x00000000ec6778c0) thrown at [C:\re\workspace\8-2-build-windows-amd64-cygwin\jdk8u221\13320\hotspot\src\share\vm\prims\jni.cpp, line 710]
Event: 65136.388 Thread 0x00000000295f9800 Exception <a 'java/lang/ClassNotFoundException': com/sun/corba/ee/impl/presentation/rmi/DynamicAccessPermission> (0x00000000ec6cda78) thrown at [C:\re\workspace\8-2-build-windows-amd64-cygwin\jdk8u221\13320\hotspot\src\share\vm\classfile\systemDictionary.
Event: 65136.388 Thread 0x00000000295f9800 Exception <a 'java/lang/ClassNotFoundException': com/sun/enterprise/security/CORBAObjectPermission> (0x00000000ec6cf050) thrown at [C:\re\workspace\8-2-build-windows-amd64-cygwin\jdk8u221\13320\hotspot\src\share\vm\classfile\systemDictionary.cpp, line 210
Event: 65136.389 Thread 0x00000000295f9800 Exception <a 'java/io/FileNotFoundException'> (0x00000000ec6dcee8) thrown at [C:\re\workspace\8-2-build-windows-amd64-cygwin\jdk8u221\13320\hotspot\src\share\vm\prims\jni.cpp, line 710]
Event: 65136.390 Thread 0x00000000295f9800 Exception <a 'java/lang/ClassNotFoundException': com/sun/corba/ee/impl/presentation/rmi/DynamicAccessPermission> (0x00000000ec6eb5b8) thrown at [C:\re\workspace\8-2-build-windows-amd64-cygwin\jdk8u221\13320\hotspot\src\share\vm\classfile\systemDictionary.
Event: 65136.390 Thread 0x00000000295f9800 Exception <a 'java/lang/ClassNotFoundException': com/sun/enterprise/security/CORBAObjectPermission> (0x00000000ec6ec9a0) thrown at [C:\re\workspace\8-2-build-windows-amd64-cygwin\jdk8u221\13320\hotspot\src\share\vm\classfile\systemDictionary.cpp, line 210
Event: 65136.391 Thread 0x00000000295f9800 Exception <a 'java/io/FileNotFoundException'> (0x00000000ec6fa5e0) thrown at [C:\re\workspace\8-2-build-windows-amd64-cygwin\jdk8u221\13320\hotspot\src\share\vm\prims\jni.cpp, line 710]

Events (10 events):
Event: 65136.413 Thread 0x000000001ff39000 Thread added: 0x000000001ff39000
Event: 65136.413 Thread 0x000000001ff32800 Thread added: 0x000000001ff32800
Event: 65136.414 Thread 0x000000001ff3b800 Thread added: 0x000000001ff3b800
Event: 65136.414 Thread 0x000000001ff3d000 Thread added: 0x000000001ff3d000
Event: 65136.414 Thread 0x0000000019536800 Thread added: 0x0000000019536800
Event: 65136.414 Thread 0x0000000019537800 Thread added: 0x0000000019537800
Event: 65136.414 Thread 0x0000000019538000 Thread added: 0x0000000019538000
Event: 65136.414 Thread 0x0000000019532800 Thread added: 0x0000000019532800
Event: 65136.414 Thread 0x0000000024791800 Thread added: 0x0000000024791800
Event: 65136.438 Executing VM operation: ParallelGCSystemGC


Dynamic libraries:
0x00007ff7bda40000 - 0x00007ff7bda77000 	C:\Program Files\Java\jdk1.8.0_221\bin\java.exe
0x00007fffa9550000 - 0x00007fffa973d000 	C:\WINDOWS\SYSTEM32\ntdll.dll
0x00007fffa8090000 - 0x00007fffa8143000 	C:\WINDOWS\System32\KERNEL32.DLL
0x00007fffa6530000 - 0x00007fffa67c3000 	C:\WINDOWS\System32\KERNELBASE.dll
0x00007fffa8d70000 - 0x00007fffa8e13000 	C:\WINDOWS\System32\ADVAPI32.dll
0x00007fffa9310000 - 0x00007fffa93ae000 	C:\WINDOWS\System32\msvcrt.dll
0x00007fffa88a0000 - 0x00007fffa893e000 	C:\WINDOWS\System32\sechost.dll
0x00007fffa81b0000 - 0x00007fffa82d2000 	C:\WINDOWS\System32\RPCRT4.dll
0x00007fffa8ef0000 - 0x00007fffa9087000 	C:\WINDOWS\System32\USER32.dll
0x00007fffa67d0000 - 0x00007fffa67f0000 	C:\WINDOWS\System32\win32u.dll
0x00007fffa6b60000 - 0x00007fffa6b89000 	C:\WINDOWS\System32\GDI32.dll
0x00007fffa5b30000 - 0x00007fffa5cc9000 	C:\WINDOWS\System32\gdi32full.dll
0x00007fffa5a90000 - 0x00007fffa5b30000 	C:\WINDOWS\System32\msvcp_win.dll
0x00007fffa5690000 - 0x00007fffa578a000 	C:\WINDOWS\System32\ucrtbase.dll
0x00007fff92690000 - 0x00007fff92909000 	C:\WINDOWS\WinSxS\amd64_microsoft.windows.common-controls_6595b64144ccf1df_6.0.17763.973_none_05b245900721eb81\COMCTL32.dll
0x00007fffa6820000 - 0x00007fffa6b4c000 	C:\WINDOWS\System32\combase.dll
0x00007fffa5a10000 - 0x00007fffa5a8e000 	C:\WINDOWS\System32\bcryptPrimitives.dll
0x00007fffa67f0000 - 0x00007fffa681e000 	C:\WINDOWS\System32\IMM32.DLL
0x000000006a900000 - 0x000000006a9d2000 	C:\Program Files\Java\jdk1.8.0_221\jre\bin\msvcr100.dll
0x000000006a9e0000 - 0x000000006b285000 	C:\Program Files\Java\jdk1.8.0_221\jre\bin\server\jvm.dll
0x00007fffa8d60000 - 0x00007fffa8d68000 	C:\WINDOWS\System32\PSAPI.DLL
0x00007fff95830000 - 0x00007fff95839000 	C:\WINDOWS\SYSTEM32\WSOCK32.dll
0x00007fffa0690000 - 0x00007fffa06b4000 	C:\WINDOWS\SYSTEM32\WINMM.dll
0x00007fff9b0f0000 - 0x00007fff9b0fa000 	C:\WINDOWS\SYSTEM32\VERSION.dll
0x00007fffa9190000 - 0x00007fffa91fd000 	C:\WINDOWS\System32\WS2_32.dll
0x00007fffa0660000 - 0x00007fffa068d000 	C:\WINDOWS\SYSTEM32\WINMMBASE.dll
0x00007fffa59c0000 - 0x00007fffa5a0a000 	C:\WINDOWS\System32\cfgmgr32.dll
0x00007fff97380000 - 0x00007fff9738f000 	C:\Program Files\Java\jdk1.8.0_221\jre\bin\verify.dll
0x00007fff97350000 - 0x00007fff97379000 	C:\Program Files\Java\jdk1.8.0_221\jre\bin\java.dll
0x00007fff8d450000 - 0x00007fff8d485000 	C:\Program Files\Java\jdk1.8.0_221\jre\bin\jdwp.dll
0x00007fff93db0000 - 0x00007fff93db8000 	C:\Program Files\Java\jdk1.8.0_221\jre\bin\npt.dll
0x00007fff949b0000 - 0x00007fff949c6000 	C:\Program Files\Java\jdk1.8.0_221\jre\bin\zip.dll
0x00007fffa6b90000 - 0x00007fffa8084000 	C:\WINDOWS\System32\SHELL32.dll
0x00007fffa9200000 - 0x00007fffa92a8000 	C:\WINDOWS\System32\shcore.dll
0x00007fffa5cd0000 - 0x00007fffa641d000 	C:\WINDOWS\System32\windows.storage.dll
0x00007fffa55c0000 - 0x00007fffa55e4000 	C:\WINDOWS\System32\profapi.dll
0x00007fffa5610000 - 0x00007fffa566d000 	C:\WINDOWS\System32\powrprof.dll
0x00007fffa92b0000 - 0x00007fffa9302000 	C:\WINDOWS\System32\shlwapi.dll
0x00007fffa55f0000 - 0x00007fffa5601000 	C:\WINDOWS\System32\kernel.appcore.dll
0x00007fffa57c0000 - 0x00007fffa57d7000 	C:\WINDOWS\System32\cryptsp.dll
0x00007fff93c40000 - 0x00007fff93c49000 	C:\Program Files\Java\jdk1.8.0_221\jre\bin\dt_socket.dll
0x00007fffa49f0000 - 0x00007fffa4a57000 	C:\WINDOWS\system32\mswsock.dll
0x00007fff94990000 - 0x00007fff949aa000 	C:\Program Files\Java\jdk1.8.0_221\jre\bin\net.dll
0x00007fff960a0000 - 0x00007fff96277000 	C:\WINDOWS\SYSTEM32\urlmon.dll
0x00007fff97760000 - 0x00007fff97a08000 	C:\WINDOWS\SYSTEM32\iertutil.dll
0x00007fffa4bc0000 - 0x00007fffa4bcc000 	C:\WINDOWS\SYSTEM32\CRYPTBASE.DLL
0x00007fff93d40000 - 0x00007fff93d52000 	C:\Program Files\Java\jdk1.8.0_221\jre\bin\nio.dll
0x00007fff996c0000 - 0x00007fff996d6000 	C:\WINDOWS\system32\napinsp.dll
0x00007fff996e0000 - 0x00007fff996fa000 	C:\WINDOWS\system32\pnrpnsp.dll
0x00007fffa4750000 - 0x00007fffa4816000 	C:\WINDOWS\SYSTEM32\DNSAPI.dll
0x00007fffa6b50000 - 0x00007fffa6b58000 	C:\WINDOWS\System32\NSI.dll
0x00007fffa4710000 - 0x00007fffa474d000 	C:\WINDOWS\SYSTEM32\IPHLPAPI.DLL
0x00007fff99ef0000 - 0x00007fff99efe000 	C:\WINDOWS\System32\winrnr.dll
0x00007fffa0f00000 - 0x00007fffa0f1b000 	C:\WINDOWS\system32\NLAapi.dll
0x00007fff99b30000 - 0x00007fff99b45000 	C:\WINDOWS\system32\wshbth.dll
0x00007fff9b000000 - 0x00007fff9b00a000 	C:\Windows\System32\rasadhlp.dll
0x00007fff9bec0000 - 0x00007fff9bf39000 	C:\WINDOWS\System32\fwpuclnt.dll
0x00007fffa5790000 - 0x00007fffa57b6000 	C:\WINDOWS\System32\bcrypt.dll
0x00007fffa4570000 - 0x00007fffa45a3000 	C:\WINDOWS\system32\rsaenh.dll
0x00007fffa54c0000 - 0x00007fffa54e8000 	C:\WINDOWS\SYSTEM32\USERENV.dll
0x00007fff9bfd0000 - 0x00007fff9bfe6000 	C:\WINDOWS\SYSTEM32\dhcpcsvc6.DLL
0x00007fff9bfb0000 - 0x00007fff9bfcc000 	C:\WINDOWS\SYSTEM32\dhcpcsvc.DLL
0x00007fff973e0000 - 0x00007fff973ed000 	C:\Program Files\Java\jdk1.8.0_221\jre\bin\management.dll
0x00007fff903c0000 - 0x00007fff903e4000 	C:\Program Files\Java\jdk1.8.0_221\jre\bin\sunec.dll
0x00007fff5a000000 - 0x00007fff5a199000 	C:\Program Files\Java\jdk1.8.0_221\jre\bin\awt.dll
0x00007fffa8e20000 - 0x00007fffa8ee4000 	C:\WINDOWS\System32\OLEAUT32.dll
0x00007fffa2d40000 - 0x00007fffa2dcc000 	C:\WINDOWS\SYSTEM32\apphelp.dll
0x00007fff973f0000 - 0x00007fff97439000 	C:\Program Files\Java\jdk1.8.0_221\jre\bin\fontmanager.dll
0x00007fff93cf0000 - 0x00007fff93d32000 	C:\Program Files\Java\jdk1.8.0_221\jre\bin\t2k.dll
0x00007fffa51e0000 - 0x00007fffa53cd000 	C:\WINDOWS\SYSTEM32\dbghelp.dll

VM Arguments:
jvm_args: -Xdebug -Xrunjdwp:transport=dt_socket,server=n,address=56232 -Dgav=com.github.adminfaces:sys-aide:1.0 
java_command: C:\Users\Calvin ILOKI\.m2\repository\fish\payara\extras\payara-micro\5.192\payara-micro-5.192.jar --autoBindHttp --rootdir payara --addLibs payara/lib/ojdbc7.jar --deploy C:\Users\Calvin ILOKI\Documents\NetBeansProjects\SysAide\target/SysAide
java_class_path (initial): C:\Users\Calvin ILOKI\.m2\repository\fish\payara\extras\payara-micro\5.192\payara-micro-5.192.jar
Launcher Type: SUN_STANDARD

Environment Variables:
JAVA_HOME=C:\Program Files\Java\jdk1.8.0_221
PATH=F:\app\client\oracle\product\12.1.0\client_1\bin;C:\app\client\oracle\product\12.2.0\client_1\bin;C:\Program Files (x86)\Common Files\Oracle\Java\javapath;C:\WINDOWS\system32;C:\WINDOWS;C:\WINDOWS\System32\Wbem;C:\WINDOWS\System32\WindowsPowerShell\v1.0\;C:\WINDOWS\System32\OpenSSH\;C:\Program Files\PuTTY\;C:\app\client\oracle\product\12.2.0\client_1\bin;C:\Program Files (x86)\Subversion\bin;C:\Users\Calvin ILOKI\AppData\Local\Microsoft\WindowsApps;C:\Program Files (x86)\Nmap
USERNAME=Calvin ILOKI
OS=Windows_NT
PROCESSOR_IDENTIFIER=Intel64 Family 6 Model 158 Stepping 9, GenuineIntel



---------------  S Y S T E M  ---------------

OS: Windows 10.0 , 64 bit Build 17763 (10.0.17763.475)

CPU:total 4 (initial active 4) (2 cores per cpu, 2 threads per core) family 6 model 158 stepping 9, cmov, cx8, fxsr, mmx, sse, sse2, sse3, ssse3, sse4.1, sse4.2, popcnt, aes, clmul, erms, 3dnowpref, lzcnt, ht, tsc, tscinvbit

Memory: 4k page, physical 8261748k(679672k free), swap 15401704k(2376136k free)

vm_info: Java HotSpot(TM) 64-Bit Server VM (25.221-b11) for windows-amd64 JRE (1.8.0_221-b11), built on Jul  4 2019 04:39:29 by "java_re" with MS VC++ 10.0 (VS2010)

time: Sat Jan 18 11:09:41 2020
timezone: São Tomé (heure standard)
elapsed time: 65137 seconds (0d 18h 5m 37s)

